<?xml version="1.0" encoding="UTF-8"?>
<robot generator="Robot 3.1.2 (Python 3.7.5 on win32)" generated="20200806 23:07:32.717" rpa="false">
<suite id="s1" name="Testing" source="F:\Workspace\Robot-Test\Tests\Test.robot">
<test id="s1-t1" name="TC_02_HDFC_HOME_PAGE">
<kw name="Log" library="BuiltIn">
<doc>Logs the given message with the given level.</doc>
<arguments>
<arg>${TEST_NAME}</arg>
</arguments>
<msg timestamp="20200806 23:07:33.201" level="INFO">TC_02_HDFC_HOME_PAGE</msg>
<status status="PASS" starttime="20200806 23:07:33.200" endtime="20200806 23:07:33.201"></status>
</kw>
<kw name="Open Browser" library="SeleniumLibrary">
<doc>Opens a new browser instance to the optional ``url``.</doc>
<arguments>
<arg>https://www.hdfcbank.com</arg>
<arg>chrome</arg>
</arguments>
<msg timestamp="20200806 23:07:33.204" level="INFO">Opening browser 'chrome' to base url 'https://www.hdfcbank.com'.</msg>
<status status="PASS" starttime="20200806 23:07:33.202" endtime="20200806 23:07:40.240"></status>
</kw>
<kw name="Maximize Browser Window" library="SeleniumLibrary">
<doc>Maximizes current browser window.</doc>
<status status="PASS" starttime="20200806 23:07:40.242" endtime="20200806 23:07:43.879"></status>
</kw>
<kw name="Log" library="BuiltIn">
<doc>Logs the given message with the given level.</doc>
<arguments>
<arg>get title</arg>
</arguments>
<msg timestamp="20200806 23:07:43.883" level="INFO">get title</msg>
<status status="PASS" starttime="20200806 23:07:43.882" endtime="20200806 23:07:43.883"></status>
</kw>
<kw name="Close All Browsers" library="SeleniumLibrary">
<doc>Closes all open browsers and resets the browser cache.</doc>
<status status="PASS" starttime="20200806 23:07:43.885" endtime="20200806 23:07:46.819"></status>
</kw>
<doc>This iis HDFC Bank home page</doc>
<tags>
<tag>Smoke</tag>
</tags>
<status status="PASS" starttime="20200806 23:07:33.199" endtime="20200806 23:07:46.822" critical="yes"></status>
</test>
<doc>This is first testcase</doc>
<status status="PASS" starttime="20200806 23:07:32.721" endtime="20200806 23:07:46.827"></status>
</suite>
<statistics>
<total>
<stat pass="1" fail="0">Critical Tests</stat>
<stat pass="1" fail="0">All Tests</stat>
</total>
<tag>
<stat pass="1" fail="0">Smoke</stat>
</tag>
<suite>
<stat pass="1" fail="0" id="s1" name="Testing">Testing</stat>
</suite>
</statistics>
<errors>
</errors>
</robot>
